TN:
SF:src\database\db.ts
FN:10,initDatabase
FN:22,query
FNF:2
FNH:0
FNDA:0,initDatabase
FNDA:0,query
DA:1,1
DA:3,1
DA:10,1
DA:11,0
DA:12,0
DA:13,0
DA:14,0
DA:15,0
DA:17,0
DA:18,0
DA:22,1
DA:23,0
DA:24,0
DA:25,0
DA:26,0
DA:27,0
DA:30,1
LF:17
LH:5
BRF:0
BRH:0
end_of_record
TN:
SF:src\events\publisher.ts
FN:5,initEventPublisher
FN:21,(anonymous_2)
FN:32,publishEvent
FNF:3
FNH:0
FNDA:0,initEventPublisher
FNDA:0,(anonymous_2)
FNDA:0,publishEvent
DA:1,1
DA:3,1
DA:5,1
DA:6,0
DA:7,0
DA:9,0
DA:21,0
DA:22,0
DA:25,0
DA:27,0
DA:28,0
DA:32,1
DA:33,0
DA:34,0
DA:35,0
DA:38,0
DA:39,0
DA:46,0
DA:48,0
LF:19
LH:4
BRDA:7,0,0,0
BRDA:7,0,1,0
BRDA:33,1,0,0
BRF:3
BRH:0
end_of_record
TN:
SF:src\routes\auth.ts
FN:12,(anonymous_1)
FN:79,(anonymous_2)
FN:138,(anonymous_3)
FN:154,(anonymous_4)
FNF:4
FNH:0
FNDA:0,(anonymous_1)
FNDA:0,(anonymous_2)
FNDA:0,(anonymous_3)
FNDA:0,(anonymous_4)
DA:1,1
DA:2,1
DA:3,1
DA:4,1
DA:5,1
DA:7,1
DA:8,1
DA:9,1
DA:12,1
DA:13,0
DA:14,0
DA:17,0
DA:18,0
DA:21,0
DA:22,0
DA:26,0
DA:31,0
DA:32,0
DA:36,0
DA:39,0
DA:46,0
DA:49,0
DA:57,0
DA:63,0
DA:73,0
DA:74,0
DA:79,1
DA:80,0
DA:81,0
DA:83,0
DA:84,0
DA:88,0
DA:93,0
DA:94,0
DA:97,0
DA:100,0
DA:102,0
DA:103,0
DA:107,0
DA:114,0
DA:115,0
DA:117,0
DA:122,0
DA:132,0
DA:133,0
DA:138,1
DA:139,0
DA:140,0
DA:142,0
DA:143,0
DA:146,0
DA:148,0
DA:149,0
DA:154,1
DA:155,0
DA:156,0
DA:158,0
DA:159,0
DA:162,0
DA:165,0
DA:170,0
DA:171,0
DA:174,0
DA:180,0
DA:184,1
LF:65
LH:13
BRDA:8,0,0,1
BRDA:8,0,1,1
BRDA:17,1,0,0
BRDA:17,2,0,0
BRDA:17,2,1,0
BRDA:17,2,2,0
BRDA:21,3,0,0
BRDA:31,4,0,0
BRDA:83,5,0,0
BRDA:83,6,0,0
BRDA:83,6,1,0
BRDA:93,7,0,0
BRDA:102,8,0,0
BRDA:142,9,0,0
BRDA:158,10,0,0
BRDA:170,11,0,0
BRF:16
BRH:2
end_of_record
TN:
SF:src\routes\users.ts
FN:9,(anonymous_1)
FN:26,(anonymous_2)
FN:47,(anonymous_3)
FNF:3
FNH:0
FNDA:0,(anonymous_1)
FNDA:0,(anonymous_2)
FNDA:0,(anonymous_3)
DA:1,0
DA:2,0
DA:3,0
DA:5,0
DA:6,0
DA:9,0
DA:10,0
DA:12,0
DA:13,0
DA:16,0
DA:17,0
DA:18,0
DA:19,0
DA:21,0
DA:26,0
DA:27,0
DA:28,0
DA:30,0
DA:35,0
DA:36,0
DA:39,0
DA:41,0
DA:42,0
DA:47,0
DA:48,0
DA:49,0
DA:50,0
DA:53,0
DA:54,0
DA:57,0
DA:68,0
DA:69,0
DA:72,0
DA:74,0
DA:75,0
DA:79,0
LF:36
LH:0
BRDA:6,0,0,0
BRDA:6,0,1,0
BRDA:12,1,0,0
BRDA:35,2,0,0
BRDA:53,3,0,0
BRDA:68,4,0,0
BRF:6
BRH:0
end_of_record
